# JRE version: Java(TM) SE Runtime Environment (8.0_191-b12) (build 1.8.0_191-b12)
# Java VM: Java HotSpot(TM) 64-Bit Server VM (25.191-b12 mixed mode windows-amd64 compressed oops)
Heap:
 PSYoungGen      total 174592K, used 142674K [0x00000000d6f00000, 0x00000000e3200000, 0x0000000100000000)
  eden space 165376K, 86% used [0x00000000d6f00000,0x00000000dfa54898,0x00000000e1080000)
  from space 9216K, 0% used [0x00000000e1a00000,0x00000000e1a00000,0x00000000e2300000)
  to   space 9728K, 0% used [0x00000000e1080000,0x00000000e1080000,0x00000000e1a00000)
 ParOldGen       total 65024K, used 12818K [0x0000000084c00000, 0x0000000088b80000, 0x00000000d6f00000)
  object space 65024K, 19% used [0x0000000084c00000,0x0000000085884a90,0x0000000088b80000)
 Metaspace       used 39762K, capacity 41625K, committed 41856K, reserved 1085440K
  class space    used 5332K, capacity 5665K, committed 5760K, reserved 1048576K
GC Heap History (10 events):
Event: 5.654 GC heap before
{Heap before GC invocations=8 (full 1):
 PSYoungGen      total 70656K, used 3105K [0x00000000d6f00000, 0x00000000df900000, 0x0000000100000000)
  eden space 62464K, 0% used [0x00000000d6f00000,0x00000000d6f00000,0x00000000dac00000)
  from space 8192K, 37% used [0x00000000dac00000,0x00000000daf08668,0x00000000db400000)
  to   space 8192K, 0% used [0x00000000df100000,0x00000000df100000,0x00000000df900000)
 ParOldGen       total 84992K, used 3368K [0x0000000084c00000, 0x0000000089f00000, 0x00000000d6f00000)
  object space 84992K, 3% used [0x0000000084c00000,0x0000000084f4a2d0,0x0000000089f00000)
 Metaspace       used 20624K, capacity 21146K, committed 21248K, reserved 1067008K
  class space    used 2599K, capacity 2749K, committed 2816K, reserved 1048576K
Event: 5.692 GC heap after
Heap after GC invocations=8 (full 1):
 PSYoungGen      total 70656K, used 0K [0x00000000d6f00000, 0x00000000df900000, 0x0000000100000000)
  eden space 62464K, 0% used [0x00000000d6f00000,0x00000000d6f00000,0x00000000dac00000)
  from space 8192K, 0% used [0x00000000dac00000,0x00000000dac00000,0x00000000db400000)
  to   space 8192K, 0% used [0x00000000df100000,0x00000000df100000,0x00000000df900000)
 ParOldGen       total 44544K, used 5328K [0x0000000084c00000, 0x0000000087780000, 0x00000000d6f00000)
  object space 44544K, 11% used [0x0000000084c00000,0x0000000085134340,0x0000000087780000)
 Metaspace       used 20624K, capacity 21146K, committed 21248K, reserved 1067008K
  class space    used 2599K, capacity 2749K, committed 2816K, reserved 1048576K
}
Event: 6.119 GC heap before
{Heap before GC invocations=9 (full 1):
 PSYoungGen      total 70656K, used 62433K [0x00000000d6f00000, 0x00000000df900000, 0x0000000100000000)
  eden space 62464K, 99% used [0x00000000d6f00000,0x00000000dabf85b8,0x00000000dac00000)
  from space 8192K, 0% used [0x00000000dac00000,0x00000000dac00000,0x00000000db400000)
  to   space 8192K, 0% used [0x00000000df100000,0x00000000df100000,0x00000000df900000)
 ParOldGen       total 44544K, used 5328K [0x0000000084c00000, 0x0000000087780000, 0x00000000d6f00000)
  object space 44544K, 11% used [0x0000000084c00000,0x0000000085134340,0x0000000087780000)
 Metaspace       used 24126K, capacity 24848K, committed 25088K, reserved 1071104K
  class space    used 3078K, capacity 3262K, committed 3328K, reserved 1048576K
Event: 6.124 GC heap after
Heap after GC invocations=9 (full 1):
 PSYoungGen      total 117760K, used 4184K [0x00000000d6f00000, 0x00000000df580000, 0x0000000100000000)
  eden space 113152K, 0% used [0x00000000d6f00000,0x00000000d6f00000,0x00000000ddd80000)
  from space 4608K, 90% used [0x00000000df100000,0x00000000df5162b8,0x00000000df580000)
  to   space 7680K, 0% used [0x00000000de680000,0x00000000de680000,0x00000000dee00000)
 ParOldGen       total 44544K, used 5336K [0x0000000084c00000, 0x0000000087780000, 0x00000000d6f00000)
  object space 44544K, 11% used [0x0000000084c00000,0x0000000085136340,0x0000000087780000)
 Metaspace       used 24126K, capacity 24848K, committed 25088K, reserved 1071104K
  class space    used 3078K, capacity 3262K, committed 3328K, reserved 1048576K
}
Event: 8.296 GC heap before
{Heap before GC invocations=10 (full 1):
 PSYoungGen      total 117760K, used 117336K [0x00000000d6f00000, 0x00000000df580000, 0x0000000100000000)
  eden space 113152K, 100% used [0x00000000d6f00000,0x00000000ddd80000,0x00000000ddd80000)
  from space 4608K, 90% used [0x00000000df100000,0x00000000df5162b8,0x00000000df580000)
  to   space 7680K, 0% used [0x00000000de680000,0x00000000de680000,0x00000000dee00000)
 ParOldGen       total 44544K, used 5336K [0x0000000084c00000, 0x0000000087780000, 0x00000000d6f00000)
  object space 44544K, 11% used [0x0000000084c00000,0x0000000085136340,0x0000000087780000)
 Metaspace       used 32449K, capacity 33616K, committed 33920K, reserved 1079296K
  class space    used 4162K, capacity 4400K, committed 4480K, reserved 1048576K
Event: 8.307 GC heap after
Heap after GC invocations=10 (full 1):
 PSYoungGen      total 130048K, used 7660K [0x00000000d6f00000, 0x00000000e2300000, 0x0000000100000000)
  eden space 122368K, 0% used [0x00000000d6f00000,0x00000000d6f00000,0x00000000de680000)
  from space 7680K, 99% used [0x00000000de680000,0x00000000dedfb138,0x00000000dee00000)
  to   space 9216K, 0% used [0x00000000e1a00000,0x00000000e1a00000,0x00000000e2300000)
 ParOldGen       total 44544K, used 6995K [0x0000000084c00000, 0x0000000087780000, 0x00000000d6f00000)
  object space 44544K, 15% used [0x0000000084c00000,0x00000000852d4c08,0x0000000087780000)
 Metaspace       used 32449K, capacity 33616K, committed 33920K, reserved 1079296K
  class space    used 4162K, capacity 4400K, committed 4480K, reserved 1048576K
}
Event: 8.661 GC heap before
{Heap before GC invocations=11 (full 1):
 PSYoungGen      total 130048K, used 37061K [0x00000000d6f00000, 0x00000000e2300000, 0x0000000100000000)
  eden space 122368K, 24% used [0x00000000d6f00000,0x00000000d8bb6458,0x00000000de680000)
  from space 7680K, 99% used [0x00000000de680000,0x00000000dedfb138,0x00000000dee00000)
  to   space 9216K, 0% used [0x00000000e1a00000,0x00000000e1a00000,0x00000000e2300000)
 ParOldGen       total 44544K, used 6995K [0x0000000084c00000, 0x0000000087780000, 0x00000000d6f00000)
  object space 44544K, 15% used [0x0000000084c00000,0x00000000852d4c08,0x0000000087780000)
 Metaspace       used 33992K, capacity 35401K, committed 35416K, reserved 1079296K
  class space    used 4429K, capacity 4721K, committed 4736K, reserved 1048576K
Event: 8.670 GC heap after
Heap after GC invocations=11 (full 1):
 PSYoungGen      total 174592K, used 6883K [0x00000000d6f00000, 0x00000000e3200000, 0x0000000100000000)
  eden space 165376K, 0% used [0x00000000d6f00000,0x00000000d6f00000,0x00000000e1080000)
  from space 9216K, 74% used [0x00000000e1a00000,0x00000000e20b8dd8,0x00000000e2300000)
  to   space 9728K, 0% used [0x00000000e1080000,0x00000000e1080000,0x00000000e1a00000)
 ParOldGen       total 44544K, used 8016K [0x0000000084c00000, 0x0000000087780000, 0x00000000d6f00000)
  object space 44544K, 17% used [0x0000000084c00000,0x00000000853d4148,0x0000000087780000)
 Metaspace       used 33992K, capacity 35401K, committed 35416K, reserved 1079296K
  class space    used 4429K, capacity 4721K, committed 4736K, reserved 1048576K
}
Event: 8.670 GC heap before
{Heap before GC invocations=12 (full 2):
 PSYoungGen      total 174592K, used 6883K [0x00000000d6f00000, 0x00000000e3200000, 0x0000000100000000)
  eden space 165376K, 0% used [0x00000000d6f00000,0x00000000d6f00000,0x00000000e1080000)
  from space 9216K, 74% used [0x00000000e1a00000,0x00000000e20b8dd8,0x00000000e2300000)
  to   space 9728K, 0% used [0x00000000e1080000,0x00000000e1080000,0x00000000e1a00000)
 ParOldGen       total 44544K, used 8016K [0x0000000084c00000, 0x0000000087780000, 0x00000000d6f00000)
  object space 44544K, 17% used [0x0000000084c00000,0x00000000853d4148,0x0000000087780000)
 Metaspace       used 33992K, capacity 35401K, committed 35416K, reserved 1079296K
  class space    used 4429K, capacity 4721K, committed 4736K, reserved 1048576K
Event: 8.722 GC heap after
Heap after GC invocations=12 (full 2):
 PSYoungGen      total 174592K, used 0K [0x00000000d6f00000, 0x00000000e3200000, 0x0000000100000000)
  eden space 165376K, 0% used [0x00000000d6f00000,0x00000000d6f00000,0x00000000e1080000)
  from space 9216K, 0% used [0x00000000e1a00000,0x00000000e1a00000,0x00000000e2300000)
  to   space 9728K, 0% used [0x00000000e1080000,0x00000000e1080000,0x00000000e1a00000)
 ParOldGen       total 65024K, used 12818K [0x0000000084c00000, 0x0000000088b80000, 0x00000000d6f00000)
  object space 65024K, 19% used [0x0000000084c00000,0x0000000085884a90,0x0000000088b80000)
 Metaspace       used 33992K, capacity 35401K, committed 35416K, reserved 1079296K
  class space    used 4429K, capacity 4721K, committed 4736K, reserved 1048576K
}

